<?xml version="1.0" encoding="UTF-8"?>
<testng-results skipped="0" failed="1" total="4" passed="3">
  <reporter-output>
  </reporter-output>
  <suite name="PortalValidation" duration-ms="57887" started-at="2017-06-12T01:27:04Z" finished-at="2017-06-12T01:28:01Z">
    <groups>
    </groups>
    <test name="SmokeScenario" duration-ms="57887" started-at="2017-06-12T01:27:04Z" finished-at="2017-06-12T01:28:01Z">
      <class name="testcases.VerifyLoginPageWithReport">
        <test-method status="PASS" signature="setUp()[pri:0, instance:testcases.VerifyLoginPageWithReport@6a4f787b]" name="setUp" is-config="true" duration-ms="7851" started-at="2017-06-12T06:57:35Z" finished-at="2017-06-12T06:57:43Z">
          <reporter-output>
          </reporter-output>
        </test-method> <!-- setUp -->
        <test-method status="PASS" signature="testLoginPage()[pri:0, instance:testcases.VerifyLoginPageWithReport@6a4f787b]" name="testLoginPage" duration-ms="4494" started-at="2017-06-12T06:57:43Z" finished-at="2017-06-12T06:57:47Z">
          <reporter-output>
          </reporter-output>
        </test-method> <!-- testLoginPage -->
        <test-method status="PASS" signature="tearDown()[pri:0, instance:testcases.VerifyLoginPageWithReport@6a4f787b]" name="tearDown" is-config="true" duration-ms="1147" started-at="2017-06-12T06:57:47Z" finished-at="2017-06-12T06:57:48Z">
          <reporter-output>
          </reporter-output>
        </test-method> <!-- tearDown -->
      </class> <!-- testcases.VerifyLoginPageWithReport -->
      <class name="testcases.VerifyLoginPageWithReport1">
        <test-method status="PASS" signature="setUp()[pri:0, instance:testcases.VerifyLoginPageWithReport1@685cb137]" name="setUp" is-config="true" duration-ms="7369" started-at="2017-06-12T06:57:48Z" finished-at="2017-06-12T06:57:56Z">
          <reporter-output>
          </reporter-output>
        </test-method> <!-- setUp -->
        <test-method status="PASS" signature="testLoginPage()[pri:0, instance:testcases.VerifyLoginPageWithReport1@685cb137]" name="testLoginPage" duration-ms="5015" started-at="2017-06-12T06:57:56Z" finished-at="2017-06-12T06:58:01Z">
          <reporter-output>
          </reporter-output>
        </test-method> <!-- testLoginPage -->
        <test-method status="PASS" signature="tearDown(org.testng.ITestResult)[pri:0, instance:testcases.VerifyLoginPageWithReport1@685cb137]" name="tearDown" is-config="true" duration-ms="826" started-at="2017-06-12T06:58:01Z" finished-at="2017-06-12T06:58:01Z">
          <params>
            <param index="0">
              <value>
                <![CDATA[[TestResult name=testLoginPage status=SUCCESS method=VerifyLoginPageWithReport1.testLoginPage()[pri:0, instance:testcases.VerifyLoginPageWithReport1@685cb137] output={null}]]]>
              </value>
            </param>
          </params>
          <reporter-output>
          </reporter-output>
        </test-method> <!-- tearDown -->
      </class> <!-- testcases.VerifyLoginPageWithReport1 -->
      <class name="testcases.VerifyLoginPage">
        <test-method status="PASS" signature="setUp()[pri:0, instance:testcases.VerifyLoginPage@6a41eaa2]" name="setUp" is-config="true" duration-ms="7367" started-at="2017-06-12T06:57:22Z" finished-at="2017-06-12T06:57:29Z">
          <reporter-output>
          </reporter-output>
        </test-method> <!-- setUp -->
        <test-method status="PASS" signature="testLoginPage()[pri:0, instance:testcases.VerifyLoginPage@6a41eaa2]" name="testLoginPage" duration-ms="4870" started-at="2017-06-12T06:57:29Z" finished-at="2017-06-12T06:57:34Z">
          <reporter-output>
          </reporter-output>
        </test-method> <!-- testLoginPage -->
        <test-method status="PASS" signature="tearDown()[pri:0, instance:testcases.VerifyLoginPage@6a41eaa2]" name="tearDown" is-config="true" duration-ms="766" started-at="2017-06-12T06:57:34Z" finished-at="2017-06-12T06:57:35Z">
          <reporter-output>
          </reporter-output>
        </test-method> <!-- tearDown -->
      </class> <!-- testcases.VerifyLoginPage -->
      <class name="testcases.VerifyAdminPage">
        <test-method status="PASS" signature="setUp()[pri:0, instance:testcases.VerifyAdminPage@59f99ea]" name="setUp" is-config="true" duration-ms="11106" started-at="2017-06-12T06:57:04Z" finished-at="2017-06-12T06:57:15Z">
          <reporter-output>
          </reporter-output>
        </test-method> <!-- setUp -->
        <test-method status="FAIL" signature="testLoginPage()[pri:0, instance:testcases.VerifyAdminPage@59f99ea]" name="testLoginPage" duration-ms="6023" started-at="2017-06-12T06:57:15Z" finished-at="2017-06-12T06:57:21Z">
          <exception class="java.lang.RuntimeException">
            <message>
              <![CDATA[java.lang.reflect.InvocationTargetException]]>
            </message>
            <full-stacktrace>
              <![CDATA[java.lang.RuntimeException: java.lang.reflect.InvocationTargetException
	at org.openqa.selenium.support.PageFactory.instantiatePage(PageFactory.java:138)
	at org.openqa.selenium.support.PageFactory.initElements(PageFactory.java:64)
	at testcases.VerifyAdminPage.testLoginPage(VerifyAdminPage.java:37)
	at sun.reflect.NativeMethodAccessorImpl.invoke0(Native Method)
	at sun.reflect.NativeMethodAccessorImpl.invoke(Unknown Source)
	at sun.reflect.DelegatingMethodAccessorImpl.invoke(Unknown Source)
	at java.lang.reflect.Method.invoke(Unknown Source)
	at org.testng.internal.MethodInvocationHelper.invokeMethod(MethodInvocationHelper.java:80)
	at org.testng.internal.Invoker.invokeMethod(Invoker.java:714)
	at org.testng.internal.Invoker.invokeTestMethod(Invoker.java:901)
	at org.testng.internal.Invoker.invokeTestMethods(Invoker.java:1231)
	at org.testng.internal.TestMethodWorker.invokeTestMethods(TestMethodWorker.java:127)
	at org.testng.internal.TestMethodWorker.run(TestMethodWorker.java:111)
	at org.testng.TestRunner.privateRun(TestRunner.java:767)
	at org.testng.TestRunner.run(TestRunner.java:617)
	at org.testng.SuiteRunner.runTest(SuiteRunner.java:334)
	at org.testng.SuiteRunner.runSequentially(SuiteRunner.java:329)
	at org.testng.SuiteRunner.privateRun(SuiteRunner.java:291)
	at org.testng.SuiteRunner.run(SuiteRunner.java:240)
	at org.testng.SuiteRunnerWorker.runSuite(SuiteRunnerWorker.java:52)
	at org.testng.SuiteRunnerWorker.run(SuiteRunnerWorker.java:86)
	at org.testng.TestNG.runSuitesSequentially(TestNG.java:1198)
	at org.testng.TestNG.runSuitesLocally(TestNG.java:1123)
	at org.testng.TestNG.run(TestNG.java:1031)
	at org.testng.remote.AbstractRemoteTestNG.run(AbstractRemoteTestNG.java:132)
	at org.testng.remote.RemoteTestNG.initAndRun(RemoteTestNG.java:230)
	at org.testng.remote.RemoteTestNG.main(RemoteTestNG.java:76)
Caused by: java.lang.reflect.InvocationTargetException
	at sun.reflect.NativeConstructorAccessorImpl.newInstance0(Native Method)
	at sun.reflect.NativeConstructorAccessorImpl.newInstance(Unknown Source)
	at sun.reflect.DelegatingConstructorAccessorImpl.newInstance(Unknown Source)
	at java.lang.reflect.Constructor.newInstance(Unknown Source)
	at org.openqa.selenium.support.PageFactory.instantiatePage(PageFactory.java:129)
	... 26 more
Caused by: java.lang.NullPointerException
	at pages.AdminPage.<init>(AdminPage.java:27)
	... 31 more
]]>
            </full-stacktrace>
          </exception> <!-- java.lang.RuntimeException -->
          <reporter-output>
          </reporter-output>
        </test-method> <!-- testLoginPage -->
        <test-method status="PASS" signature="tearDown()[pri:0, instance:testcases.VerifyAdminPage@59f99ea]" name="tearDown" is-config="true" duration-ms="905" started-at="2017-06-12T06:57:21Z" finished-at="2017-06-12T06:57:22Z">
          <reporter-output>
          </reporter-output>
        </test-method> <!-- tearDown -->
      </class> <!-- testcases.VerifyAdminPage -->
    </test> <!-- SmokeScenario -->
  </suite> <!-- PortalValidation -->
</testng-results>
