<?xml version="1.0" encoding="UTF-8"?>
<!-- Generated by org.testng.reporters.JUnitXMLReporter -->
<testsuite hostname="Lenovo-G50" name="SmokeScenario" tests="4" failures="1" timestamp="12 Jun 2017 01:28:01 GMT" time="57.887" errors="0">
  <testcase name="testLoginPage" time="6.023" classname="testcases.VerifyAdminPage">
    <failure type="java.lang.RuntimeException" message="java.lang.reflect.InvocationTargetException">
      <![CDATA[java.lang.RuntimeException: java.lang.reflect.InvocationTargetException
	at org.openqa.selenium.support.PageFactory.instantiatePage(PageFactory.java:138)
	at org.openqa.selenium.support.PageFactory.initElements(PageFactory.java:64)
	at testcases.VerifyAdminPage.testLoginPage(VerifyAdminPage.java:37)
	at org.openqa.selenium.support.PageFactory.instantiatePage(PageFactory.java:129)
	... 26 more
Caused by: java.lang.NullPointerException
	at pages.AdminPage.<init>(AdminPage.java:27)
	... 31 more
... Removed 29 stack frames]]>
    </failure>
  </testcase> <!-- testLoginPage -->
  <testcase name="testLoginPage" time="4.87" classname="testcases.VerifyLoginPage"/>
  <testcase name="testLoginPage" time="4.494" classname="testcases.VerifyLoginPageWithReport"/>
  <testcase name="testLoginPage" time="5.015" classname="testcases.VerifyLoginPageWithReport1"/>
</testsuite> <!-- SmokeScenario -->
